<?xml version="1.0" encoding="UTF-8"?>
<testng-results skipped="0" failed="0" ignored="0" total="1" passed="1">
  <reporter-output>
  </reporter-output>
  <suite name="Default suite" duration-ms="1000" started-at="2022-11-01T17:10:04 IST" finished-at="2022-11-01T17:10:05 IST">
    <groups>
    </groups>
    <test name="Default test" duration-ms="1000" started-at="2022-11-01T17:10:04 IST" finished-at="2022-11-01T17:10:05 IST">
      <class name="com.qa.extentreport.OpencartTest">
        <test-method status="PASS" signature="fTest()[pri:0, instance:com.qa.extentreport.OpencartTest@80503]" name="fTest" duration-ms="921" started-at="2022-11-01T17:10:04 IST" finished-at="2022-11-01T17:10:05 IST">
          <reporter-output>
          </reporter-output>
        </test-method> <!-- fTest -->
      </class> <!-- com.qa.extentreport.OpencartTest -->
    </test> <!-- Default test -->
  </suite> <!-- Default suite -->
</testng-results>
